2022年 12月 18日 星期日 21:21:06 EST start
分词检查包括分词格式检查、命令词多输出、命令词垃圾词混用和命令词回溯
分词格式检查中有ERROR时，请修改，否则无法正常生成语言模型
一、分词格式检查
>>>>>>>>>>>>>>>

二、有多个输出的词
三、命令词错用为垃圾词
四、没有结束节点的词
五、所有节点回溯的命令词
(以#为垃圾词，以%为没结束的词，其他为命令词)
(第一列为输入，第二列为输出)
打开空调 打开空调
关闭空调 关闭空调
灯有点暗 灯有点暗
灯有点亮 灯有点亮
帮我看家 帮我看家
最小风 最小风
高速风 高速风
最大风 最大风
空调有点热 空调有点热
空调有点冷 空调有点冷
地暖有点热 地暖有点热
地暖有点冷 地暖有点冷
打开地暖 打开地暖
打开电视 打开电视
打开风扇 打开风扇
打开插座 打开插座
打开窗帘 打开窗帘
打开窗纱 打开窗纱
打开台灯 打开台灯
打开吊灯 打开吊灯
打开射灯 打开射灯
打开背景灯 打开背景灯
打开灯带 打开灯带
打开筒灯 打开筒灯
打开壁灯 打开壁灯
打开主卧灯 打开主卧灯
打开花园灯 打开花园灯
打开客房灯 打开客房灯
打开餐厅灯 打开餐厅灯
打开厕所灯 打开厕所灯
打开客厅灯 打开客厅灯
打开阳台灯 打开阳台灯
打开书房灯 打开书房灯
打开新风 打开新风
关闭地暖 关闭地暖
关闭电视 关闭电视
关闭风扇 关闭风扇
关闭插座 关闭插座
关闭窗帘 关闭窗帘
关闭窗纱 关闭窗纱
关闭台灯 关闭台灯
关闭吊灯 关闭吊灯
关闭射灯 关闭射灯
关闭背景灯 关闭背景灯
关闭灯带 关闭灯带
关闭筒灯 关闭筒灯
关闭壁灯 关闭壁灯
关闭主卧灯 关闭主卧灯
关闭花园灯 关闭花园灯
关闭客房灯 关闭客房灯
关闭餐厅灯 关闭餐厅灯
关闭厕所灯 关闭厕所灯
关闭客厅灯 关闭客厅灯
关闭阳台灯 关闭阳台灯
关闭书房灯 关闭书房灯
关闭新风 关闭新风
风小一点 风小一点
风大一点 风大一点
衣架下降 衣架下降
衣架停止 衣架停止
衣架上升 衣架上升
调到最暗 调到最暗
调到最亮 调到最亮
关闭播报音 关闭播报音
打开播报音 打开播报音
制冷模式 制冷模式
除湿模式 除湿模式
学习模式 学习模式
回家模式 回家模式
离家模式 离家模式
用餐模式 用餐模式
娱乐模式 娱乐模式
会客模式 会客模式
睡觉模式 睡觉模式
起床模式 起床模式
影视模式 影视模式
制热模式 制热模式
上下摆动 上下摆动
停止摆动 停止摆动
左右摆动 左右摆动
强劲风 强劲风
中等风 中等风
窗纱停止 窗纱停止
窗帘停止 窗帘停止
减小音量 减小音量
增大音量 增大音量
安居小宝 安居小宝
我到家了 我到家了
打开厨房灯 打开厨房灯#
关闭厨房灯 关闭厨房灯#
马上就好 马上就好#
麻烦你了 麻烦你了#
买东西去 买东西去#
历史系的 历史系的#
楼下集合 楼下集合#
2022年 12月 18日 星期日 21:21:09 EST end
