2022年 11月 14日 星期一 16:04:03 CST start
分词检查包括分词格式检查、命令词多输出、命令词垃圾词混用和命令词回溯
分词格式检查中有ERROR时，请修改，否则无法正常生成语言模型
一、分词格式检查
line 2 :NOTICE  <col3 cmmand word is different with col4>
line 2 :ERROR   <col3 想优 is not in dictionary>
line 4 :NOTICE  <col3 cmmand word is different with col4>
line 4 :ERROR   <col3 想优 is not in dictionary>
>>>>>>>>>>>>>>>

二、有多个输出的词
三、命令词错用为垃圾词
四、没有结束节点的词
五、所有节点回溯的命令词
(以#为垃圾词，以%为没结束的词，其他为命令词)
(第一列为输入，第二列为输出)
小优小优 小优小优
小优想优 小优小优
想优小优 小优小优
想优想优 小优小优
小优小优 小优小优
小爱小爱 小爱小爱#
小白小白 小白小白#
小车小车 小车小车#
小度小度 小度小度#
小芳小芳 小芳小芳#
小刚小刚 小刚小刚#
小黄小黄 小黄小黄#
小金小金 小金小金#
小乐小乐 小乐小乐#
小美小美 小美小美#
小南小南 小南小南#
小平小平 小平小平#
小琴小琴 小琴小琴#
小萨小萨 小萨小萨#
小天小天 小天小天#
有效性 有效性#
交友网 交友网#
小游戏 小游戏#
煤焦油 煤焦油#
辣椒油 辣椒油#
小狗狗 小狗狗#
狗咬狗 狗咬狗#
小豆子 小豆子#
小痘痘 小痘痘#
小丑鱼 小丑鱼#
小猴子 小猴子#
脚后跟 脚后跟#
售票口 售票口#
谢朓楼 谢朓楼#
绞肉机 绞肉机#
小肉球 小肉球#
小寿星 小寿星#
小手指 小手指#
销售员 销售员#
销售额 销售额#
抓小偷 抓小偷#
摇头丸 摇头丸#
桥头堡 桥头堡#
三角洲 三角洲#
胶州湾 胶州湾#
九小时 九小时#
刘晓庆 刘晓庆#
有效期 有效期#
开口笑 开口笑#
臭小子 臭小子#
牛角尖 牛角尖#
电流表 电流表#
做手脚 做手脚#
酸豆角 酸豆角#
不凑巧 不凑巧#
芦沟桥 芦沟桥#
招投标 招投标#
黄牛票 黄牛票#
人口调查 人口调查#
一笔勾销 一笔勾销#
有效措施 有效措施#
焦头烂额 焦头烂额#
借酒消愁 借酒消愁#
火上浇油 火上浇油#
要有信心 要有信心#
交友不慎 交友不慎#
以儆效尤 以儆效尤#
2022年 11月 14日 星期一 16:04:06 CST end
