2022年 11月 29日 星期二 14:46:16 CST start
分词检查包括分词格式检查、命令词多输出、命令词垃圾词混用和命令词回溯
分词格式检查中有ERROR时，请修改，否则无法正常生成语言模型
一、分词格式检查
line 37 :ERROR   <col3 漂亮一点 is not in dictionary>
line 37 :ERROR   <col4 漂亮一点 is not in dictionary>
line 38 :ERROR   <col3 擦亮一点 is not in dictionary>
line 38 :ERROR   <col4 擦亮一点 is not in dictionary>
line 39 :ERROR   <col3 巨大亮度 is not in dictionary>
line 39 :ERROR   <col4 巨大亮度 is not in dictionary>
>>>>>>>>>>>>>>>

二、有多个输出的词
三、命令词错用为垃圾词
四、没有结束节点的词
五、所有节点回溯的命令词
(以#为垃圾词，以%为没结束的词，其他为命令词)
(第一列为输入，第二列为输出)
打开灯 打开灯
关闭灯 关闭灯
小夜灯 小夜灯
镜前灯 镜前灯
来电关 来电关
来电记忆 来电记忆
来电开 来电开
设为镜前灯 设为镜前灯
设为卧室灯 设为卧室灯
改变颜色 改变颜色
改变灯光 改变灯光
设为厨房灯 设为厨房灯
设为主卧灯 设为主卧灯
设为餐厅灯 设为餐厅灯
设为客厅灯 设为客厅灯
调暗一点 调暗一点
调亮一点 调亮一点
中等亮度 中等亮度
最低亮度 最低亮度
最大亮度 最大亮度
十分钟后关灯 十分钟后关灯
一分钟后关灯 一分钟后关灯
五分钟后关灯 五分钟后关灯
取消定时 取消定时
不好意思 不好意思#
别回去了 别回去了#
漂亮一点 漂亮一点#
擦亮一点 擦亮一点#
巨大亮度 巨大亮度#
不管多么 不管多么#
不想干了 不想干了#
不用管我 不用管我#
2022年 11月 29日 星期二 14:46:19 CST end
