2022年 12月 01日 星期四 15:15:14 CST start
分词检查包括分词格式检查、命令词多输出、命令词垃圾词混用和命令词回溯
分词格式检查中有ERROR时，请修改，否则无法正常生成语言模型
一、分词格式检查
line 1 :ERROR   <col3 默认灯 is not in dictionary>
line 1 :ERROR   <col4 默认灯 is not in dictionary>
>>>>>>>>>>>>>>>

二、有多个输出的词
三、命令词错用为垃圾词
四、没有结束节点的词
五、所有节点回溯的命令词
(以#为垃圾词，以%为没结束的词，其他为命令词)
(第一列为输入，第二列为输出)
默认灯 默认灯
一模一样 一模一样#
爷爷奶奶 爷爷奶奶#
三十岁 三十岁#
沙发上 沙发上#
偷听 偷听#
同学 同学#
通知 通知#
通宵 通宵#
上厕所 上厕所#
身份证 身份证#
一两星期 一两星期#
也可以吧 也可以吧#
养花养草 养花养草#
演员演技 演员演技#
演技不行 演技不行#
学生活动 学生活动#
洒身上 洒身上#
啥打算 啥打算#
少抽烟 少抽烟#
社会上 社会上#
2022年 12月 01日 星期四 15:15:16 CST end
